This is pdfTeX, Version 3.141592653-2.6-1.40.24 (MiKTeX 22.1) (preloaded format=pdflatex 2023.11.13)  16 JUL 2024 22:30
entering extended mode
 restricted \write18 enabled.
 file:line:error style messages enabled.
 %&-line parsing enabled.
**/Users/diogoribeiro/work_code/latex_works/coursera/healthcare_data_quality_impacts.tex
(/Users/diogoribeiro/work_code/latex_works/coursera/healthcare_data_quality_impacts.tex
LaTeX2e <2023-06-01> patch level 1
L3 programming layer <2023-10-10>
(/Users/diogoribeiro/Library/Application Support/MiKTeX/texmfs/install/tex/latex/base/article.cls
Document Class: article 2023/05/17 v1.4n Standard LaTeX document class
(/Users/diogoribeiro/Library/Application Support/MiKTeX/texmfs/install/tex/latex/base/size10.clo
File: size10.clo 2023/05/17 v1.4n Standard LaTeX file (size option)
)
\c@part=\count185
\c@section=\count186
\c@subsection=\count187
\c@subsubsection=\count188
\c@paragraph=\count189
\c@subparagraph=\count190
\c@figure=\count191
\c@table=\count192
\abovecaptionskip=\skip48
\belowcaptionskip=\skip49
\bibindent=\dimen140
) (/Users/diogoribeiro/Library/Application Support/MiKTeX/texmfs/install/tex/latex/lipsum/lipsum.sty (/Users/diogoribeiro/Library/Application Support/MiKTeX/texmfs/install/tex/latex/l3packages/l3keys2e/l3keys2e.sty (/Users/diogoribeiro/Library/Application Support/MiKTeX/texmfs/install/tex/latex/l3kernel/expl3.sty
Package: expl3 2023-10-10 L3 programming layer (loader) 
 (/Users/diogoribeiro/Library/Application Support/MiKTeX/texmfs/install/tex/latex/l3backend/l3backend-pdftex.def
File: l3backend-pdftex.def 2023-10-10 L3 backend support: PDF output (pdfTeX)
\l__color_backend_stack_int=\count193
\l__pdf_internal_box=\box51
))
Package: l3keys2e 2023-10-10 LaTeX2e option processing using LaTeX3 keys
)
Package: lipsum 2021-09-20 v2.7 150 paragraphs of Lorem Ipsum dummy text
\g__lipsum_par_int=\count194
\l__lipsum_a_int=\count195
\l__lipsum_b_int=\count196
 (/Users/diogoribeiro/Library/Application Support/MiKTeX/texmfs/install/tex/latex/lipsum/lipsum.ltd.tex)) (/Users/diogoribeiro/Library/Application Support/MiKTeX/texmfs/install/tex/latex/enumitem/enumitem.sty
Package: enumitem 2019/06/20 v3.9 Customized lists
\enitkv@toks@=\toks17
\labelindent=\skip50
\enit@outerparindent=\dimen141
\enit@toks=\toks18
\enit@inbox=\box52
\enit@count@id=\count197
\enitdp@description=\count198
) (healthcare_data_quality_impacts.aux)
\openout1 = `healthcare_data_quality_impacts.aux'.

LaTeX Font Info:    Checking defaults for OML/cmm/m/it on input line 5.
LaTeX Font Info:    ... okay on input line 5.
LaTeX Font Info:    Checking defaults for OMS/cmsy/m/n on input line 5.
LaTeX Font Info:    ... okay on input line 5.
LaTeX Font Info:    Checking defaults for OT1/cmr/m/n on input line 5.
LaTeX Font Info:    ... okay on input line 5.
LaTeX Font Info:    Checking defaults for T1/cmr/m/n on input line 5.
LaTeX Font Info:    ... okay on input line 5.
LaTeX Font Info:    Checking defaults for TS1/cmr/m/n on input line 5.
LaTeX Font Info:    ... okay on input line 5.
LaTeX Font Info:    Checking defaults for OMX/cmex/m/n on input line 5.
LaTeX Font Info:    ... okay on input line 5.
LaTeX Font Info:    Checking defaults for U/cmr/m/n on input line 5.
LaTeX Font Info:    ... okay on input line 5.

Overfull \hbox (13.61278pt too wide) in paragraph at lines 27--28
\OT1/cmr/bx/n/10 Perspective: \OT1/cmr/m/n/10 Christina Maslach, a psy-chol-o-gist who stud-ies oc-cu-pa-tional burnout,
 []

[1

{/Users/diogoribeiro/Library/Application Support/MiKTeX/texmfs/data/fonts/map/pdftex/pdftex.map}] [2] [3] (healthcare_data_quality_impacts.aux)
 ***********
LaTeX2e <2023-06-01> patch level 1
L3 programming layer <2023-10-10>
 ***********
 ) 
Here is how much of TeX's memory you used:
 1202 strings out of 474824
 25762 string characters out of 5739209
 1927040 words of memory out of 5000000
 23207 multiletter control sequences out of 15000+600000
 559587 words of font info for 41 fonts, out of 8000000 for 9000
 1141 hyphenation exceptions out of 8191
 79i,5n,93p,603b,111s stack positions out of 10000i,1000n,20000p,200000b,200000s
</Users/diogoribeiro/Library/Application Support/MiKTeX/texmfs/install/fonts/type1/public/amsfonts/cm/cmbx10.pfb></Users/diogoribeiro/Library/Application Support/MiKTeX/texmfs/install/fonts/type1/public/amsfonts/cm/cmbx12.pfb></Users/diogoribeiro/Library/Application Support/MiKTeX/texmfs/install/fonts/type1/public/amsfonts/cm/cmr10.pfb>
Output written on healthcare_data_quality_impacts.pdf (3 pages, 58678 bytes).
PDF statistics:
 27 PDF objects out of 1000 (max. 8388607)
 0 named destinations out of 1000 (max. 500000)
 1 words of extra memory for PDF output out of 10000 (max. 10000000)

